<?xml version="1.0" encoding="UTF-8"?>
<coverage generated="1602582620614" clover="3.2.0">
  <project timestamp="1602582620614" name="All files">
    <metrics statements="108" coveredstatements="108" conditionals="26" coveredconditionals="26" methods="16" coveredmethods="16" elements="150" coveredelements="150" complexity="0" loc="108" ncloc="108" packages="1" files="4" classes="4"/>
    <file name="manager.js" path="/Users/mitchell/Documents/trend-micro/Trend-Micro-Technical-Assessment/services/users/users/manager.js">
      <metrics statements="85" coveredstatements="85" conditionals="18" coveredconditionals="18" methods="9" coveredmethods="9"/>
      <line num="1" count="1" type="stmt"/>
      <line num="2" count="1" type="stmt"/>
      <line num="3" count="1" type="stmt"/>
      <line num="4" count="1" type="stmt"/>
      <line num="6" count="1" type="stmt"/>
      <line num="21" count="10" type="stmt"/>
      <line num="25" count="10" type="stmt"/>
      <line num="37" count="10" type="stmt"/>
      <line num="59" count="8" type="stmt"/>
      <line num="62" count="8" type="stmt"/>
      <line num="69" count="8" type="stmt"/>
      <line num="70" count="8" type="cond" truecount="2" falsecount="0"/>
      <line num="71" count="1" type="stmt"/>
      <line num="72" count="1" type="stmt"/>
      <line num="73" count="1" type="stmt"/>
      <line num="74" count="1" type="stmt"/>
      <line num="75" count="1" type="stmt"/>
      <line num="79" count="7" type="cond" truecount="2" falsecount="0"/>
      <line num="80" count="1" type="stmt"/>
      <line num="81" count="1" type="stmt"/>
      <line num="82" count="1" type="stmt"/>
      <line num="83" count="1" type="stmt"/>
      <line num="91" count="6" type="stmt"/>
      <line num="92" count="6" type="stmt"/>
      <line num="93" count="6" type="stmt"/>
      <line num="95" count="6" type="cond" truecount="2" falsecount="0"/>
      <line num="96" count="5" type="stmt"/>
      <line num="100" count="1" type="stmt"/>
      <line num="101" count="1" type="stmt"/>
      <line num="102" count="1" type="stmt"/>
      <line num="103" count="1" type="stmt"/>
      <line num="107" count="5" type="cond" truecount="4" falsecount="0"/>
      <line num="108" count="1" type="stmt"/>
      <line num="109" count="1" type="stmt"/>
      <line num="110" count="1" type="stmt"/>
      <line num="111" count="1" type="stmt"/>
      <line num="117" count="4" type="stmt"/>
      <line num="120" count="4" type="stmt"/>
      <line num="128" count="4" type="stmt"/>
      <line num="129" count="4" type="stmt"/>
      <line num="131" count="4" type="cond" truecount="2" falsecount="0"/>
      <line num="132" count="3" type="stmt"/>
      <line num="136" count="1" type="stmt"/>
      <line num="137" count="1" type="stmt"/>
      <line num="138" count="1" type="stmt"/>
      <line num="139" count="1" type="stmt"/>
      <line num="142" count="3" type="stmt"/>
      <line num="145" count="3" type="stmt"/>
      <line num="149" count="3" type="stmt"/>
      <line num="150" count="3" type="stmt"/>
      <line num="152" count="3" type="cond" truecount="2" falsecount="0"/>
      <line num="153" count="2" type="stmt"/>
      <line num="157" count="1" type="stmt"/>
      <line num="158" count="1" type="stmt"/>
      <line num="159" count="1" type="stmt"/>
      <line num="160" count="1" type="stmt"/>
      <line num="164" count="2" type="stmt"/>
      <line num="165" count="2" type="stmt"/>
      <line num="166" count="2" type="stmt"/>
      <line num="167" count="2" type="stmt"/>
      <line num="169" count="2" type="cond" truecount="2" falsecount="0"/>
      <line num="170" count="1" type="stmt"/>
      <line num="174" count="1" type="stmt"/>
      <line num="175" count="1" type="stmt"/>
      <line num="176" count="1" type="stmt"/>
      <line num="177" count="1" type="stmt"/>
      <line num="181" count="1" type="stmt"/>
      <line num="183" count="1" type="stmt"/>
      <line num="192" count="1" type="stmt"/>
      <line num="193" count="1" type="stmt"/>
      <line num="194" count="1" type="stmt"/>
      <line num="214" count="2" type="stmt"/>
      <line num="215" count="2" type="stmt"/>
      <line num="216" count="2" type="stmt"/>
      <line num="218" count="2" type="cond" truecount="2" falsecount="0"/>
      <line num="219" count="1" type="stmt"/>
      <line num="223" count="1" type="stmt"/>
      <line num="224" count="1" type="stmt"/>
      <line num="225" count="1" type="stmt"/>
      <line num="226" count="1" type="stmt"/>
      <line num="229" count="1" type="stmt"/>
      <line num="233" count="1" type="stmt"/>
      <line num="235" count="1" type="stmt"/>
      <line num="236" count="1" type="stmt"/>
      <line num="240" count="1" type="stmt"/>
    </file>
    <file name="queries.js" path="/Users/mitchell/Documents/trend-micro/Trend-Micro-Technical-Assessment/services/users/users/queries.js">
      <metrics statements="7" coveredstatements="7" conditionals="0" coveredconditionals="0" methods="3" coveredmethods="3"/>
      <line num="1" count="1" type="stmt"/>
      <line num="9" count="1" type="stmt"/>
      <line num="10" count="6" type="stmt"/>
      <line num="33" count="1" type="stmt"/>
      <line num="34" count="2" type="stmt"/>
      <line num="56" count="1" type="stmt"/>
      <line num="57" count="2" type="stmt"/>
    </file>
    <file name="settings.js" path="/Users/mitchell/Documents/trend-micro/Trend-Micro-Technical-Assessment/services/users/users/settings.js">
      <metrics statements="4" coveredstatements="4" conditionals="6" coveredconditionals="6" methods="0" coveredmethods="0"/>
      <line num="1" count="1" type="cond" truecount="2" falsecount="0"/>
      <line num="2" count="1" type="cond" truecount="2" falsecount="0"/>
      <line num="3" count="1" type="cond" truecount="2" falsecount="0"/>
      <line num="5" count="1" type="stmt"/>
    </file>
    <file name="util.js" path="/Users/mitchell/Documents/trend-micro/Trend-Micro-Technical-Assessment/services/users/users/util.js">
      <metrics statements="12" coveredstatements="12" conditionals="2" coveredconditionals="2" methods="4" coveredmethods="4"/>
      <line num="7" count="1" type="stmt"/>
      <line num="8" count="7" type="stmt"/>
      <line num="9" count="7" type="stmt"/>
      <line num="17" count="1" type="stmt"/>
      <line num="18" count="2" type="stmt"/>
      <line num="31" count="1" type="stmt"/>
      <line num="32" count="8" type="stmt"/>
      <line num="51" count="1" type="stmt"/>
      <line num="52" count="8" type="stmt"/>
      <line num="53" count="36" type="cond" truecount="2" falsecount="0"/>
      <line num="54" count="1" type="stmt"/>
      <line num="57" count="7" type="stmt"/>
    </file>
  </project>
</coverage>
