{"/Users/mitchell/Documents/trend-micro/Trend-Micro-Technical-Assessment/services/users/users/manager.js": {"path":"/Users/mitchell/Documents/trend-micro/Trend-Micro-Technical-Assessment/services/users/users/manager.js","statementMap":{"0":{"start":{"line":1,"column":10},"end":{"line":1,"column":28}},"1":{"start":{"line":2,"column":11},"end":{"line":2,"column":26}},"2":{"start":{"line":3,"column":11},"end":{"line":3,"column":28}},"3":{"start":{"line":4,"column":14},"end":{"line":4,"column":34}},"4":{"start":{"line":6,"column":19},"end":{"line":6,"column":40}},"5":{"start":{"line":21,"column":4},"end":{"line":24,"column":7}},"6":{"start":{"line":25,"column":4},"end":{"line":25,"column":73}},"7":{"start":{"line":37,"column":4},"end":{"line":37,"column":41}},"8":{"start":{"line":59,"column":17},"end":{"line":59,"column":39}},"9":{"start":{"line":62,"column":22},"end":{"line":68,"column":5}},"10":{"start":{"line":69,"column":25},"end":{"line":69,"column":60}},"11":{"start":{"line":70,"column":4},"end":{"line":76,"column":5}},"12":{"start":{"line":71,"column":22},"end":{"line":71,"column":55}},"13":{"start":{"line":72,"column":6},"end":{"line":72,"column":27}},"14":{"start":{"line":73,"column":6},"end":{"line":73,"column":49}},"15":{"start":{"line":74,"column":6},"end":{"line":74,"column":31}},"16":{"start":{"line":75,"column":6},"end":{"line":75,"column":13}},"17":{"start":{"line":79,"column":4},"end":{"line":84,"column":5}},"18":{"start":{"line":80,"column":6},"end":{"line":80,"column":42}},"19":{"start":{"line":81,"column":6},"end":{"line":81,"column":64}},"20":{"start":{"line":82,"column":6},"end":{"line":82,"column":31}},"21":{"start":{"line":83,"column":6},"end":{"line":83,"column":13}},"22":{"start":{"line":91,"column":17},"end":{"line":91,"column":56}},"23":{"start":{"line":92,"column":4},"end":{"line":104,"column":5}},"24":{"start":{"line":93,"column":19},"end":{"line":98,"column":18}},"25":{"start":{"line":95,"column":10},"end":{"line":96,"column":27}},"26":{"start":{"line":95,"column":19},"end":{"line":95,"column":30}},"27":{"start":{"line":96,"column":15},"end":{"line":96,"column":27}},"28":{"start":{"line":100,"column":6},"end":{"line":100,"column":23}},"29":{"start":{"line":101,"column":6},"end":{"line":101,"column":61}},"30":{"start":{"line":102,"column":6},"end":{"line":102,"column":31}},"31":{"start":{"line":103,"column":6},"end":{"line":103,"column":13}},"32":{"start":{"line":107,"column":4},"end":{"line":112,"column":5}},"33":{"start":{"line":108,"column":6},"end":{"line":108,"column":41}},"34":{"start":{"line":109,"column":6},"end":{"line":109,"column":63}},"35":{"start":{"line":110,"column":6},"end":{"line":110,"column":31}},"36":{"start":{"line":111,"column":6},"end":{"line":111,"column":13}},"37":{"start":{"line":117,"column":15},"end":{"line":117,"column":24}},"38":{"start":{"line":120,"column":4},"end":{"line":127,"column":6}},"39":{"start":{"line":128,"column":4},"end":{"line":140,"column":5}},"40":{"start":{"line":129,"column":6},"end":{"line":134,"column":19}},"41":{"start":{"line":131,"column":10},"end":{"line":132,"column":27}},"42":{"start":{"line":131,"column":19},"end":{"line":131,"column":30}},"43":{"start":{"line":132,"column":15},"end":{"line":132,"column":27}},"44":{"start":{"line":136,"column":6},"end":{"line":136,"column":23}},"45":{"start":{"line":137,"column":6},"end":{"line":137,"column":61}},"46":{"start":{"line":138,"column":6},"end":{"line":138,"column":31}},"47":{"start":{"line":139,"column":6},"end":{"line":139,"column":13}},"48":{"start":{"line":142,"column":23},"end":{"line":142,"column":47}},"49":{"start":{"line":145,"column":4},"end":{"line":148,"column":6}},"50":{"start":{"line":149,"column":4},"end":{"line":161,"column":5}},"51":{"start":{"line":150,"column":6},"end":{"line":155,"column":19}},"52":{"start":{"line":152,"column":10},"end":{"line":153,"column":27}},"53":{"start":{"line":152,"column":19},"end":{"line":152,"column":30}},"54":{"start":{"line":153,"column":15},"end":{"line":153,"column":27}},"55":{"start":{"line":157,"column":6},"end":{"line":157,"column":23}},"56":{"start":{"line":158,"column":6},"end":{"line":158,"column":61}},"57":{"start":{"line":159,"column":6},"end":{"line":159,"column":31}},"58":{"start":{"line":160,"column":6},"end":{"line":160,"column":13}},"59":{"start":{"line":164,"column":35},"end":{"line":164,"column":56}},"60":{"start":{"line":165,"column":4},"end":{"line":165,"column":64}},"61":{"start":{"line":166,"column":4},"end":{"line":178,"column":5}},"62":{"start":{"line":167,"column":6},"end":{"line":172,"column":19}},"63":{"start":{"line":169,"column":10},"end":{"line":170,"column":27}},"64":{"start":{"line":169,"column":19},"end":{"line":169,"column":30}},"65":{"start":{"line":170,"column":15},"end":{"line":170,"column":27}},"66":{"start":{"line":174,"column":6},"end":{"line":174,"column":23}},"67":{"start":{"line":175,"column":6},"end":{"line":175,"column":61}},"68":{"start":{"line":176,"column":6},"end":{"line":176,"column":31}},"69":{"start":{"line":177,"column":6},"end":{"line":177,"column":13}},"70":{"start":{"line":181,"column":4},"end":{"line":181,"column":45}},"71":{"start":{"line":183,"column":17},"end":{"line":190,"column":5}},"72":{"start":{"line":192,"column":4},"end":{"line":192,"column":47}},"73":{"start":{"line":193,"column":4},"end":{"line":193,"column":29}},"74":{"start":{"line":194,"column":4},"end":{"line":194,"column":11}},"75":{"start":{"line":214,"column":19},"end":{"line":214,"column":39}},"76":{"start":{"line":215,"column":4},"end":{"line":227,"column":5}},"77":{"start":{"line":216,"column":19},"end":{"line":221,"column":18}},"78":{"start":{"line":218,"column":10},"end":{"line":219,"column":27}},"79":{"start":{"line":218,"column":19},"end":{"line":218,"column":30}},"80":{"start":{"line":219,"column":15},"end":{"line":219,"column":27}},"81":{"start":{"line":223,"column":6},"end":{"line":223,"column":23}},"82":{"start":{"line":224,"column":6},"end":{"line":224,"column":61}},"83":{"start":{"line":225,"column":6},"end":{"line":225,"column":31}},"84":{"start":{"line":226,"column":6},"end":{"line":226,"column":13}},"85":{"start":{"line":229,"column":17},"end":{"line":231,"column":5}},"86":{"start":{"line":233,"column":4},"end":{"line":233,"column":47}},"87":{"start":{"line":235,"column":4},"end":{"line":235,"column":29}},"88":{"start":{"line":236,"column":4},"end":{"line":236,"column":11}},"89":{"start":{"line":240,"column":0},"end":{"line":240,"column":29}}},"fnMap":{"0":{"name":"(anonymous_0)","decl":{"start":{"line":20,"column":2},"end":{"line":20,"column":3}},"loc":{"start":{"line":20,"column":16},"end":{"line":26,"column":3}},"line":20},"1":{"name":"(anonymous_1)","decl":{"start":{"line":36,"column":2},"end":{"line":36,"column":3}},"loc":{"start":{"line":36,"column":42},"end":{"line":38,"column":3}},"line":36},"2":{"name":"(anonymous_2)","decl":{"start":{"line":56,"column":2},"end":{"line":56,"column":3}},"loc":{"start":{"line":56,"column":37},"end":{"line":195,"column":3}},"line":56},"3":{"name":"(anonymous_3)","decl":{"start":{"line":94,"column":23},"end":{"line":94,"column":24}},"loc":{"start":{"line":94,"column":38},"end":{"line":97,"column":9}},"line":94},"4":{"name":"(anonymous_4)","decl":{"start":{"line":130,"column":27},"end":{"line":130,"column":28}},"loc":{"start":{"line":130,"column":42},"end":{"line":133,"column":9}},"line":130},"5":{"name":"(anonymous_5)","decl":{"start":{"line":151,"column":25},"end":{"line":151,"column":26}},"loc":{"start":{"line":151,"column":40},"end":{"line":154,"column":9}},"line":151},"6":{"name":"(anonymous_6)","decl":{"start":{"line":168,"column":21},"end":{"line":168,"column":22}},"loc":{"start":{"line":168,"column":36},"end":{"line":171,"column":9}},"line":168},"7":{"name":"(anonymous_7)","decl":{"start":{"line":208,"column":2},"end":{"line":208,"column":3}},"loc":{"start":{"line":208,"column":35},"end":{"line":237,"column":3}},"line":208},"8":{"name":"(anonymous_8)","decl":{"start":{"line":217,"column":22},"end":{"line":217,"column":23}},"loc":{"start":{"line":217,"column":37},"end":{"line":220,"column":9}},"line":217}},"branchMap":{"0":{"loc":{"start":{"line":70,"column":4},"end":{"line":76,"column":5}},"type":"if","locations":[{"start":{"line":70,"column":4},"end":{"line":76,"column":5}},{"start":{"line":70,"column":4},"end":{"line":76,"column":5}}],"line":70},"1":{"loc":{"start":{"line":79,"column":4},"end":{"line":84,"column":5}},"type":"if","locations":[{"start":{"line":79,"column":4},"end":{"line":84,"column":5}},{"start":{"line":79,"column":4},"end":{"line":84,"column":5}}],"line":79},"2":{"loc":{"start":{"line":95,"column":10},"end":{"line":96,"column":27}},"type":"if","locations":[{"start":{"line":95,"column":10},"end":{"line":96,"column":27}},{"start":{"line":95,"column":10},"end":{"line":96,"column":27}}],"line":95},"3":{"loc":{"start":{"line":107,"column":4},"end":{"line":112,"column":5}},"type":"if","locations":[{"start":{"line":107,"column":4},"end":{"line":112,"column":5}},{"start":{"line":107,"column":4},"end":{"line":112,"column":5}}],"line":107},"4":{"loc":{"start":{"line":107,"column":8},"end":{"line":107,"column":36}},"type":"binary-expr","locations":[{"start":{"line":107,"column":8},"end":{"line":107,"column":14}},{"start":{"line":107,"column":18},"end":{"line":107,"column":36}}],"line":107},"5":{"loc":{"start":{"line":131,"column":10},"end":{"line":132,"column":27}},"type":"if","locations":[{"start":{"line":131,"column":10},"end":{"line":132,"column":27}},{"start":{"line":131,"column":10},"end":{"line":132,"column":27}}],"line":131},"6":{"loc":{"start":{"line":152,"column":10},"end":{"line":153,"column":27}},"type":"if","locations":[{"start":{"line":152,"column":10},"end":{"line":153,"column":27}},{"start":{"line":152,"column":10},"end":{"line":153,"column":27}}],"line":152},"7":{"loc":{"start":{"line":169,"column":10},"end":{"line":170,"column":27}},"type":"if","locations":[{"start":{"line":169,"column":10},"end":{"line":170,"column":27}},{"start":{"line":169,"column":10},"end":{"line":170,"column":27}}],"line":169},"8":{"loc":{"start":{"line":218,"column":10},"end":{"line":219,"column":27}},"type":"if","locations":[{"start":{"line":218,"column":10},"end":{"line":219,"column":27}},{"start":{"line":218,"column":10},"end":{"line":219,"column":27}}],"line":218}},"s":{"0":1,"1":1,"2":1,"3":1,"4":1,"5":10,"6":10,"7":10,"8":8,"9":8,"10":8,"11":8,"12":1,"13":1,"14":1,"15":1,"16":1,"17":7,"18":1,"19":1,"20":1,"21":1,"22":6,"23":6,"24":6,"25":6,"26":1,"27":5,"28":1,"29":1,"30":1,"31":1,"32":5,"33":1,"34":1,"35":1,"36":1,"37":4,"38":4,"39":4,"40":4,"41":4,"42":1,"43":3,"44":1,"45":1,"46":1,"47":1,"48":3,"49":3,"50":3,"51":3,"52":3,"53":1,"54":2,"55":1,"56":1,"57":1,"58":1,"59":2,"60":2,"61":2,"62":2,"63":2,"64":1,"65":1,"66":1,"67":1,"68":1,"69":1,"70":1,"71":1,"72":1,"73":1,"74":1,"75":2,"76":2,"77":2,"78":2,"79":1,"80":1,"81":1,"82":1,"83":1,"84":1,"85":1,"86":1,"87":1,"88":1,"89":1},"f":{"0":10,"1":10,"2":8,"3":6,"4":4,"5":3,"6":2,"7":2,"8":2},"b":{"0":[1,7],"1":[1,6],"2":[1,5],"3":[1,4],"4":[5,5],"5":[1,3],"6":[1,2],"7":[1,1],"8":[1,1]},"_coverageSchema":"1a1c01bbd47fc00a2c39e90264f33305004495a9","hash":"e8bf7d7812f88431e565bc1021459f251fdcb739"}
,"/Users/mitchell/Documents/trend-micro/Trend-Micro-Technical-Assessment/services/users/users/queries.js": {"path":"/Users/mitchell/Documents/trend-micro/Trend-Micro-Technical-Assessment/services/users/users/queries.js","statementMap":{"0":{"start":{"line":1,"column":27},"end":{"line":1,"column":48}},"1":{"start":{"line":9,"column":0},"end":{"line":28,"column":2}},"2":{"start":{"line":10,"column":2},"end":{"line":27,"column":4}},"3":{"start":{"line":33,"column":0},"end":{"line":46,"column":2}},"4":{"start":{"line":34,"column":2},"end":{"line":45,"column":4}},"5":{"start":{"line":56,"column":0},"end":{"line":69,"column":2}},"6":{"start":{"line":57,"column":2},"end":{"line":68,"column":4}}},"fnMap":{"0":{"name":"(anonymous_0)","decl":{"start":{"line":9,"column":37},"end":{"line":9,"column":38}},"loc":{"start":{"line":9,"column":48},"end":{"line":28,"column":1}},"line":9},"1":{"name":"(anonymous_1)","decl":{"start":{"line":33,"column":28},"end":{"line":33,"column":29}},"loc":{"start":{"line":33,"column":34},"end":{"line":46,"column":1}},"line":33},"2":{"name":"(anonymous_2)","decl":{"start":{"line":56,"column":26},"end":{"line":56,"column":27}},"loc":{"start":{"line":56,"column":64},"end":{"line":69,"column":1}},"line":56}},"branchMap":{},"s":{"0":1,"1":1,"2":6,"3":1,"4":2,"5":1,"6":2},"f":{"0":6,"1":2,"2":2},"b":{},"_coverageSchema":"1a1c01bbd47fc00a2c39e90264f33305004495a9","hash":"ff054e98f4d9685c4726ab36946af9ea2e901248"}
,"/Users/mitchell/Documents/trend-micro/Trend-Micro-Technical-Assessment/services/users/users/settings.js": {"path":"/Users/mitchell/Documents/trend-micro/Trend-Micro-Technical-Assessment/services/users/users/settings.js","statementMap":{"0":{"start":{"line":1,"column":14},"end":{"line":1,"column":40}},"1":{"start":{"line":2,"column":15},"end":{"line":2,"column":53}},"2":{"start":{"line":3,"column":23},"end":{"line":3,"column":68}},"3":{"start":{"line":5,"column":0},"end":{"line":9,"column":2}}},"fnMap":{},"branchMap":{"0":{"loc":{"start":{"line":1,"column":14},"end":{"line":1,"column":40}},"type":"binary-expr","locations":[{"start":{"line":1,"column":14},"end":{"line":1,"column":31}},{"start":{"line":1,"column":35},"end":{"line":1,"column":40}}],"line":1},"1":{"loc":{"start":{"line":2,"column":15},"end":{"line":2,"column":53}},"type":"binary-expr","locations":[{"start":{"line":2,"column":15},"end":{"line":2,"column":33}},{"start":{"line":2,"column":37},"end":{"line":2,"column":53}}],"line":2},"2":{"loc":{"start":{"line":3,"column":23},"end":{"line":3,"column":68}},"type":"binary-expr","locations":[{"start":{"line":3,"column":23},"end":{"line":3,"column":49}},{"start":{"line":3,"column":53},"end":{"line":3,"column":68}}],"line":3}},"s":{"0":1,"1":1,"2":1,"3":1},"f":{},"b":{"0":[1,1],"1":[1,1],"2":[1,1]},"_coverageSchema":"1a1c01bbd47fc00a2c39e90264f33305004495a9","hash":"f7dcdc7a7bf70b80d6644859b66ff9c4afb57be4"}
,"/Users/mitchell/Documents/trend-micro/Trend-Micro-Technical-Assessment/services/users/users/util.js": {"path":"/Users/mitchell/Documents/trend-micro/Trend-Micro-Technical-Assessment/services/users/users/util.js","statementMap":{"0":{"start":{"line":7,"column":0},"end":{"line":10,"column":2}},"1":{"start":{"line":8,"column":13},"end":{"line":8,"column":168}},"2":{"start":{"line":9,"column":2},"end":{"line":9,"column":24}},"3":{"start":{"line":17,"column":0},"end":{"line":24,"column":2}},"4":{"start":{"line":18,"column":2},"end":{"line":23,"column":4}},"5":{"start":{"line":31,"column":0},"end":{"line":42,"column":2}},"6":{"start":{"line":32,"column":2},"end":{"line":41,"column":4}},"7":{"start":{"line":51,"column":0},"end":{"line":58,"column":2}},"8":{"start":{"line":52,"column":2},"end":{"line":56,"column":3}},"9":{"start":{"line":53,"column":4},"end":{"line":55,"column":5}},"10":{"start":{"line":54,"column":6},"end":{"line":54,"column":26}},"11":{"start":{"line":57,"column":2},"end":{"line":57,"column":22}}},"fnMap":{"0":{"name":"(anonymous_0)","decl":{"start":{"line":7,"column":32},"end":{"line":7,"column":33}},"loc":{"start":{"line":7,"column":43},"end":{"line":10,"column":1}},"line":7},"1":{"name":"(anonymous_1)","decl":{"start":{"line":17,"column":33},"end":{"line":17,"column":34}},"loc":{"start":{"line":17,"column":56},"end":{"line":24,"column":1}},"line":17},"2":{"name":"(anonymous_2)","decl":{"start":{"line":31,"column":30},"end":{"line":31,"column":31}},"loc":{"start":{"line":31,"column":62},"end":{"line":42,"column":1}},"line":31},"3":{"name":"(anonymous_3)","decl":{"start":{"line":51,"column":31},"end":{"line":51,"column":32}},"loc":{"start":{"line":51,"column":52},"end":{"line":58,"column":1}},"line":51}},"branchMap":{"0":{"loc":{"start":{"line":53,"column":4},"end":{"line":55,"column":5}},"type":"if","locations":[{"start":{"line":53,"column":4},"end":{"line":55,"column":5}},{"start":{"line":53,"column":4},"end":{"line":55,"column":5}}],"line":53}},"s":{"0":1,"1":7,"2":7,"3":1,"4":2,"5":1,"6":8,"7":1,"8":8,"9":36,"10":1,"11":7},"f":{"0":7,"1":2,"2":8,"3":8},"b":{"0":[1,35]},"_coverageSchema":"1a1c01bbd47fc00a2c39e90264f33305004495a9","hash":"e357abf71980a52cc1ae87f466978fde3ffa8abf"}
}
