{"/Users/mitchell/Documents/trend-micro/Trend-Micro-Technical-Assessment/services/users/users/manager.js": {"path":"/Users/mitchell/Documents/trend-micro/Trend-Micro-Technical-Assessment/services/users/users/manager.js","statementMap":{"0":{"start":{"line":3,"column":10},"end":{"line":3,"column":28}},"1":{"start":{"line":4,"column":11},"end":{"line":4,"column":26}},"2":{"start":{"line":5,"column":11},"end":{"line":5,"column":28}},"3":{"start":{"line":6,"column":14},"end":{"line":6,"column":35}},"4":{"start":{"line":8,"column":19},"end":{"line":8,"column":40}},"5":{"start":{"line":14,"column":7},"end":{"line":14,"column":106}},"6":{"start":{"line":15,"column":7},"end":{"line":15,"column":74}},"7":{"start":{"line":19,"column":8},"end":{"line":19,"column":45}},"8":{"start":{"line":26,"column":21},"end":{"line":26,"column":43}},"9":{"start":{"line":30,"column":26},"end":{"line":30,"column":87}},"10":{"start":{"line":31,"column":31},"end":{"line":31,"column":66}},"11":{"start":{"line":32,"column":8},"end":{"line":38,"column":9}},"12":{"start":{"line":33,"column":28},"end":{"line":33,"column":61}},"13":{"start":{"line":34,"column":12},"end":{"line":34,"column":32}},"14":{"start":{"line":35,"column":12},"end":{"line":35,"column":55}},"15":{"start":{"line":36,"column":12},"end":{"line":36,"column":37}},"16":{"start":{"line":37,"column":12},"end":{"line":37,"column":19}},"17":{"start":{"line":41,"column":8},"end":{"line":46,"column":9}},"18":{"start":{"line":42,"column":12},"end":{"line":42,"column":47}},"19":{"start":{"line":43,"column":12},"end":{"line":43,"column":70}},"20":{"start":{"line":44,"column":12},"end":{"line":44,"column":37}},"21":{"start":{"line":45,"column":12},"end":{"line":45,"column":19}},"22":{"start":{"line":53,"column":21},"end":{"line":53,"column":60}},"23":{"start":{"line":54,"column":8},"end":{"line":64,"column":9}},"24":{"start":{"line":55,"column":25},"end":{"line":58,"column":24}},"25":{"start":{"line":56,"column":16},"end":{"line":57,"column":33}},"26":{"start":{"line":56,"column":25},"end":{"line":56,"column":36}},"27":{"start":{"line":57,"column":21},"end":{"line":57,"column":33}},"28":{"start":{"line":60,"column":12},"end":{"line":60,"column":28}},"29":{"start":{"line":61,"column":12},"end":{"line":61,"column":67}},"30":{"start":{"line":62,"column":12},"end":{"line":62,"column":36}},"31":{"start":{"line":63,"column":12},"end":{"line":63,"column":19}},"32":{"start":{"line":67,"column":8},"end":{"line":72,"column":9}},"33":{"start":{"line":68,"column":12},"end":{"line":68,"column":47}},"34":{"start":{"line":69,"column":12},"end":{"line":69,"column":68}},"35":{"start":{"line":70,"column":12},"end":{"line":70,"column":36}},"36":{"start":{"line":71,"column":12},"end":{"line":71,"column":19}},"37":{"start":{"line":78,"column":19},"end":{"line":78,"column":28}},"38":{"start":{"line":81,"column":8},"end":{"line":86,"column":10}},"39":{"start":{"line":87,"column":8},"end":{"line":97,"column":9}},"40":{"start":{"line":88,"column":12},"end":{"line":91,"column":25}},"41":{"start":{"line":89,"column":16},"end":{"line":90,"column":33}},"42":{"start":{"line":89,"column":25},"end":{"line":89,"column":36}},"43":{"start":{"line":90,"column":21},"end":{"line":90,"column":33}},"44":{"start":{"line":93,"column":12},"end":{"line":93,"column":28}},"45":{"start":{"line":94,"column":12},"end":{"line":94,"column":67}},"46":{"start":{"line":95,"column":12},"end":{"line":95,"column":36}},"47":{"start":{"line":96,"column":12},"end":{"line":96,"column":19}},"48":{"start":{"line":99,"column":27},"end":{"line":99,"column":51}},"49":{"start":{"line":102,"column":8},"end":{"line":105,"column":10}},"50":{"start":{"line":106,"column":8},"end":{"line":116,"column":9}},"51":{"start":{"line":107,"column":12},"end":{"line":110,"column":25}},"52":{"start":{"line":108,"column":16},"end":{"line":109,"column":33}},"53":{"start":{"line":108,"column":25},"end":{"line":108,"column":36}},"54":{"start":{"line":109,"column":21},"end":{"line":109,"column":33}},"55":{"start":{"line":112,"column":12},"end":{"line":112,"column":28}},"56":{"start":{"line":113,"column":12},"end":{"line":113,"column":67}},"57":{"start":{"line":114,"column":12},"end":{"line":114,"column":36}},"58":{"start":{"line":115,"column":12},"end":{"line":115,"column":19}},"59":{"start":{"line":119,"column":39},"end":{"line":119,"column":60}},"60":{"start":{"line":120,"column":8},"end":{"line":120,"column":68}},"61":{"start":{"line":121,"column":8},"end":{"line":131,"column":9}},"62":{"start":{"line":122,"column":12},"end":{"line":125,"column":25}},"63":{"start":{"line":123,"column":16},"end":{"line":124,"column":33}},"64":{"start":{"line":123,"column":25},"end":{"line":123,"column":36}},"65":{"start":{"line":124,"column":21},"end":{"line":124,"column":33}},"66":{"start":{"line":127,"column":12},"end":{"line":127,"column":28}},"67":{"start":{"line":128,"column":12},"end":{"line":128,"column":67}},"68":{"start":{"line":129,"column":12},"end":{"line":129,"column":36}},"69":{"start":{"line":130,"column":12},"end":{"line":130,"column":19}},"70":{"start":{"line":134,"column":8},"end":{"line":134,"column":49}},"71":{"start":{"line":136,"column":21},"end":{"line":142,"column":9}},"72":{"start":{"line":144,"column":8},"end":{"line":144,"column":51}},"73":{"start":{"line":145,"column":8},"end":{"line":145,"column":33}},"74":{"start":{"line":146,"column":8},"end":{"line":146,"column":15}},"75":{"start":{"line":154,"column":23},"end":{"line":154,"column":43}},"76":{"start":{"line":155,"column":8},"end":{"line":165,"column":9}},"77":{"start":{"line":156,"column":25},"end":{"line":159,"column":24}},"78":{"start":{"line":157,"column":16},"end":{"line":158,"column":33}},"79":{"start":{"line":157,"column":25},"end":{"line":157,"column":36}},"80":{"start":{"line":158,"column":21},"end":{"line":158,"column":33}},"81":{"start":{"line":161,"column":12},"end":{"line":161,"column":28}},"82":{"start":{"line":162,"column":12},"end":{"line":162,"column":67}},"83":{"start":{"line":163,"column":12},"end":{"line":163,"column":36}},"84":{"start":{"line":164,"column":12},"end":{"line":164,"column":19}},"85":{"start":{"line":167,"column":21},"end":{"line":169,"column":9}},"86":{"start":{"line":171,"column":8},"end":{"line":171,"column":51}},"87":{"start":{"line":173,"column":8},"end":{"line":173,"column":33}},"88":{"start":{"line":174,"column":8},"end":{"line":174,"column":15}},"89":{"start":{"line":181,"column":0},"end":{"line":181,"column":29}}},"fnMap":{"0":{"name":"(anonymous_0)","decl":{"start":{"line":13,"column":4},"end":{"line":13,"column":5}},"loc":{"start":{"line":13,"column":18},"end":{"line":16,"column":5}},"line":13},"1":{"name":"(anonymous_1)","decl":{"start":{"line":18,"column":4},"end":{"line":18,"column":5}},"loc":{"start":{"line":18,"column":44},"end":{"line":20,"column":5}},"line":18},"2":{"name":"(anonymous_2)","decl":{"start":{"line":22,"column":4},"end":{"line":22,"column":5}},"loc":{"start":{"line":22,"column":39},"end":{"line":147,"column":5}},"line":22},"3":{"name":"(anonymous_3)","decl":{"start":{"line":55,"column":66},"end":{"line":55,"column":67}},"loc":{"start":{"line":55,"column":81},"end":{"line":58,"column":13}},"line":55},"4":{"name":"(anonymous_4)","decl":{"start":{"line":88,"column":54},"end":{"line":88,"column":55}},"loc":{"start":{"line":88,"column":69},"end":{"line":91,"column":13}},"line":88},"5":{"name":"(anonymous_5)","decl":{"start":{"line":107,"column":52},"end":{"line":107,"column":53}},"loc":{"start":{"line":107,"column":67},"end":{"line":110,"column":13}},"line":107},"6":{"name":"(anonymous_6)","decl":{"start":{"line":122,"column":60},"end":{"line":122,"column":61}},"loc":{"start":{"line":122,"column":75},"end":{"line":125,"column":13}},"line":122},"7":{"name":"(anonymous_7)","decl":{"start":{"line":149,"column":4},"end":{"line":149,"column":5}},"loc":{"start":{"line":149,"column":37},"end":{"line":175,"column":5}},"line":149},"8":{"name":"(anonymous_8)","decl":{"start":{"line":156,"column":65},"end":{"line":156,"column":66}},"loc":{"start":{"line":156,"column":80},"end":{"line":159,"column":13}},"line":156}},"branchMap":{"0":{"loc":{"start":{"line":32,"column":8},"end":{"line":38,"column":9}},"type":"if","locations":[{"start":{"line":32,"column":8},"end":{"line":38,"column":9}},{"start":{"line":32,"column":8},"end":{"line":38,"column":9}}],"line":32},"1":{"loc":{"start":{"line":41,"column":8},"end":{"line":46,"column":9}},"type":"if","locations":[{"start":{"line":41,"column":8},"end":{"line":46,"column":9}},{"start":{"line":41,"column":8},"end":{"line":46,"column":9}}],"line":41},"2":{"loc":{"start":{"line":56,"column":16},"end":{"line":57,"column":33}},"type":"if","locations":[{"start":{"line":56,"column":16},"end":{"line":57,"column":33}},{"start":{"line":56,"column":16},"end":{"line":57,"column":33}}],"line":56},"3":{"loc":{"start":{"line":67,"column":8},"end":{"line":72,"column":9}},"type":"if","locations":[{"start":{"line":67,"column":8},"end":{"line":72,"column":9}},{"start":{"line":67,"column":8},"end":{"line":72,"column":9}}],"line":67},"4":{"loc":{"start":{"line":67,"column":12},"end":{"line":67,"column":40}},"type":"binary-expr","locations":[{"start":{"line":67,"column":12},"end":{"line":67,"column":18}},{"start":{"line":67,"column":22},"end":{"line":67,"column":40}}],"line":67},"5":{"loc":{"start":{"line":89,"column":16},"end":{"line":90,"column":33}},"type":"if","locations":[{"start":{"line":89,"column":16},"end":{"line":90,"column":33}},{"start":{"line":89,"column":16},"end":{"line":90,"column":33}}],"line":89},"6":{"loc":{"start":{"line":108,"column":16},"end":{"line":109,"column":33}},"type":"if","locations":[{"start":{"line":108,"column":16},"end":{"line":109,"column":33}},{"start":{"line":108,"column":16},"end":{"line":109,"column":33}}],"line":108},"7":{"loc":{"start":{"line":123,"column":16},"end":{"line":124,"column":33}},"type":"if","locations":[{"start":{"line":123,"column":16},"end":{"line":124,"column":33}},{"start":{"line":123,"column":16},"end":{"line":124,"column":33}}],"line":123},"8":{"loc":{"start":{"line":157,"column":16},"end":{"line":158,"column":33}},"type":"if","locations":[{"start":{"line":157,"column":16},"end":{"line":158,"column":33}},{"start":{"line":157,"column":16},"end":{"line":158,"column":33}}],"line":157}},"s":{"0":1,"1":1,"2":1,"3":1,"4":1,"5":10,"6":10,"7":10,"8":8,"9":8,"10":8,"11":8,"12":1,"13":1,"14":1,"15":1,"16":1,"17":7,"18":1,"19":1,"20":1,"21":1,"22":6,"23":6,"24":6,"25":6,"26":1,"27":5,"28":1,"29":1,"30":1,"31":1,"32":5,"33":1,"34":1,"35":1,"36":1,"37":4,"38":4,"39":4,"40":4,"41":4,"42":1,"43":3,"44":1,"45":1,"46":1,"47":1,"48":3,"49":3,"50":3,"51":3,"52":3,"53":1,"54":2,"55":1,"56":1,"57":1,"58":1,"59":2,"60":2,"61":2,"62":2,"63":2,"64":1,"65":1,"66":1,"67":1,"68":1,"69":1,"70":1,"71":1,"72":1,"73":1,"74":1,"75":2,"76":2,"77":2,"78":2,"79":1,"80":1,"81":1,"82":1,"83":1,"84":1,"85":1,"86":1,"87":1,"88":1,"89":1},"f":{"0":10,"1":10,"2":8,"3":6,"4":4,"5":3,"6":2,"7":2,"8":2},"b":{"0":[1,7],"1":[1,6],"2":[1,5],"3":[1,4],"4":[5,5],"5":[1,3],"6":[1,2],"7":[1,1],"8":[1,1]},"_coverageSchema":"1a1c01bbd47fc00a2c39e90264f33305004495a9","hash":"cecc348f7d472b87928275f8dc80c58cde5ac398"}
,"/Users/mitchell/Documents/trend-micro/Trend-Micro-Technical-Assessment/services/users/users/queries.js": {"path":"/Users/mitchell/Documents/trend-micro/Trend-Micro-Technical-Assessment/services/users/users/queries.js","statementMap":{"0":{"start":{"line":1,"column":27},"end":{"line":1,"column":48}},"1":{"start":{"line":4,"column":0},"end":{"line":14,"column":2}},"2":{"start":{"line":5,"column":4},"end":{"line":13,"column":5}},"3":{"start":{"line":16,"column":0},"end":{"line":21,"column":1}},"4":{"start":{"line":17,"column":4},"end":{"line":20,"column":5}},"5":{"start":{"line":23,"column":0},"end":{"line":35,"column":1}},"6":{"start":{"line":24,"column":4},"end":{"line":34,"column":5}}},"fnMap":{"0":{"name":"(anonymous_0)","decl":{"start":{"line":4,"column":37},"end":{"line":4,"column":38}},"loc":{"start":{"line":4,"column":48},"end":{"line":14,"column":1}},"line":4},"1":{"name":"(anonymous_1)","decl":{"start":{"line":16,"column":28},"end":{"line":16,"column":29}},"loc":{"start":{"line":16,"column":34},"end":{"line":21,"column":1}},"line":16},"2":{"name":"(anonymous_2)","decl":{"start":{"line":23,"column":26},"end":{"line":23,"column":27}},"loc":{"start":{"line":23,"column":64},"end":{"line":35,"column":1}},"line":23}},"branchMap":{},"s":{"0":1,"1":1,"2":6,"3":1,"4":2,"5":1,"6":2},"f":{"0":6,"1":2,"2":2},"b":{},"_coverageSchema":"1a1c01bbd47fc00a2c39e90264f33305004495a9","hash":"d3fb8a6b2212311219f64415d94fa9a405410a56"}
,"/Users/mitchell/Documents/trend-micro/Trend-Micro-Technical-Assessment/services/users/users/settings.js": {"path":"/Users/mitchell/Documents/trend-micro/Trend-Micro-Technical-Assessment/services/users/users/settings.js","statementMap":{"0":{"start":{"line":1,"column":14},"end":{"line":1,"column":40}},"1":{"start":{"line":2,"column":15},"end":{"line":2,"column":53}},"2":{"start":{"line":3,"column":23},"end":{"line":3,"column":68}},"3":{"start":{"line":5,"column":0},"end":{"line":9,"column":1}}},"fnMap":{},"branchMap":{"0":{"loc":{"start":{"line":1,"column":14},"end":{"line":1,"column":40}},"type":"binary-expr","locations":[{"start":{"line":1,"column":14},"end":{"line":1,"column":31}},{"start":{"line":1,"column":35},"end":{"line":1,"column":40}}],"line":1},"1":{"loc":{"start":{"line":2,"column":15},"end":{"line":2,"column":53}},"type":"binary-expr","locations":[{"start":{"line":2,"column":15},"end":{"line":2,"column":33}},{"start":{"line":2,"column":37},"end":{"line":2,"column":53}}],"line":2},"2":{"loc":{"start":{"line":3,"column":23},"end":{"line":3,"column":68}},"type":"binary-expr","locations":[{"start":{"line":3,"column":23},"end":{"line":3,"column":49}},{"start":{"line":3,"column":53},"end":{"line":3,"column":68}}],"line":3}},"s":{"0":1,"1":1,"2":1,"3":1},"f":{},"b":{"0":[1,1],"1":[1,1],"2":[1,1]},"_coverageSchema":"1a1c01bbd47fc00a2c39e90264f33305004495a9","hash":"52791d58e769ecefce4c5a7eccc2956b05aa77f2"}
,"/Users/mitchell/Documents/trend-micro/Trend-Micro-Technical-Assessment/services/users/users/util.js": {"path":"/Users/mitchell/Documents/trend-micro/Trend-Micro-Technical-Assessment/services/users/users/util.js","statementMap":{"0":{"start":{"line":3,"column":0},"end":{"line":6,"column":1}},"1":{"start":{"line":4,"column":15},"end":{"line":4,"column":170}},"2":{"start":{"line":5,"column":4},"end":{"line":5,"column":26}},"3":{"start":{"line":8,"column":0},"end":{"line":15,"column":1}},"4":{"start":{"line":9,"column":4},"end":{"line":14,"column":6}},"5":{"start":{"line":17,"column":0},"end":{"line":24,"column":1}},"6":{"start":{"line":18,"column":4},"end":{"line":23,"column":6}},"7":{"start":{"line":26,"column":0},"end":{"line":33,"column":1}},"8":{"start":{"line":27,"column":4},"end":{"line":31,"column":5}},"9":{"start":{"line":28,"column":8},"end":{"line":30,"column":9}},"10":{"start":{"line":29,"column":12},"end":{"line":29,"column":32}},"11":{"start":{"line":32,"column":4},"end":{"line":32,"column":24}}},"fnMap":{"0":{"name":"(anonymous_0)","decl":{"start":{"line":3,"column":32},"end":{"line":3,"column":33}},"loc":{"start":{"line":3,"column":43},"end":{"line":6,"column":1}},"line":3},"1":{"name":"(anonymous_1)","decl":{"start":{"line":8,"column":33},"end":{"line":8,"column":34}},"loc":{"start":{"line":8,"column":56},"end":{"line":15,"column":1}},"line":8},"2":{"name":"(anonymous_2)","decl":{"start":{"line":17,"column":30},"end":{"line":17,"column":31}},"loc":{"start":{"line":17,"column":62},"end":{"line":24,"column":1}},"line":17},"3":{"name":"(anonymous_3)","decl":{"start":{"line":26,"column":31},"end":{"line":26,"column":32}},"loc":{"start":{"line":26,"column":52},"end":{"line":33,"column":1}},"line":26}},"branchMap":{"0":{"loc":{"start":{"line":28,"column":8},"end":{"line":30,"column":9}},"type":"if","locations":[{"start":{"line":28,"column":8},"end":{"line":30,"column":9}},{"start":{"line":28,"column":8},"end":{"line":30,"column":9}}],"line":28}},"s":{"0":1,"1":7,"2":7,"3":1,"4":2,"5":1,"6":8,"7":1,"8":8,"9":36,"10":1,"11":7},"f":{"0":7,"1":2,"2":8,"3":8},"b":{"0":[1,35]},"_coverageSchema":"1a1c01bbd47fc00a2c39e90264f33305004495a9","hash":"4b3f0b97321627a509cd04115dd2b8ba5d4aceef"}
}
