TN:
SF:users/manager.js
FN:13,(anonymous_0)
FN:18,(anonymous_1)
FN:22,(anonymous_2)
FN:55,(anonymous_3)
FN:88,(anonymous_4)
FN:107,(anonymous_5)
FN:122,(anonymous_6)
FN:150,(anonymous_7)
FN:157,(anonymous_8)
FNF:9
FNH:9
FNDA:10,(anonymous_0)
FNDA:10,(anonymous_1)
FNDA:8,(anonymous_2)
FNDA:6,(anonymous_3)
FNDA:4,(anonymous_4)
FNDA:3,(anonymous_5)
FNDA:2,(anonymous_6)
FNDA:2,(anonymous_7)
FNDA:2,(anonymous_8)
DA:3,1
DA:4,1
DA:5,1
DA:6,1
DA:8,1
DA:14,10
DA:15,10
DA:19,10
DA:26,8
DA:30,8
DA:31,8
DA:32,8
DA:33,1
DA:34,1
DA:35,1
DA:36,1
DA:37,1
DA:41,7
DA:42,1
DA:43,1
DA:44,1
DA:45,1
DA:53,6
DA:54,6
DA:55,6
DA:56,6
DA:57,5
DA:60,1
DA:61,1
DA:62,1
DA:63,1
DA:67,5
DA:68,1
DA:69,1
DA:70,1
DA:71,1
DA:78,4
DA:81,4
DA:87,4
DA:88,4
DA:89,4
DA:90,3
DA:93,1
DA:94,1
DA:95,1
DA:96,1
DA:99,3
DA:102,3
DA:106,3
DA:107,3
DA:108,3
DA:109,2
DA:112,1
DA:113,1
DA:114,1
DA:115,1
DA:119,2
DA:120,2
DA:121,2
DA:122,2
DA:123,2
DA:124,1
DA:127,1
DA:128,1
DA:129,1
DA:130,1
DA:134,1
DA:136,1
DA:145,1
DA:146,1
DA:147,1
DA:155,2
DA:156,2
DA:157,2
DA:158,2
DA:159,1
DA:162,1
DA:163,1
DA:164,1
DA:165,1
DA:168,1
DA:172,1
DA:174,1
DA:175,1
DA:182,1
LF:85
LH:85
BRDA:32,0,0,1
BRDA:32,0,1,7
BRDA:41,1,0,1
BRDA:41,1,1,6
BRDA:56,2,0,1
BRDA:56,2,1,5
BRDA:67,3,0,1
BRDA:67,3,1,4
BRDA:67,4,0,5
BRDA:67,4,1,5
BRDA:89,5,0,1
BRDA:89,5,1,3
BRDA:108,6,0,1
BRDA:108,6,1,2
BRDA:123,7,0,1
BRDA:123,7,1,1
BRDA:158,8,0,1
BRDA:158,8,1,1
BRF:18
BRH:18
end_of_record
TN:
SF:users/queries.js
FN:4,(anonymous_0)
FN:21,(anonymous_1)
FN:33,(anonymous_2)
FNF:3
FNH:3
FNDA:6,(anonymous_0)
FNDA:2,(anonymous_1)
FNDA:2,(anonymous_2)
DA:1,1
DA:4,1
DA:5,6
DA:21,1
DA:22,2
DA:33,1
DA:34,2
LF:7
LH:7
BRF:0
BRH:0
end_of_record
TN:
SF:users/settings.js
FNF:0
FNH:0
DA:1,1
DA:2,1
DA:3,1
DA:5,1
LF:4
LH:4
BRDA:1,0,0,1
BRDA:1,0,1,1
BRDA:2,1,0,1
BRDA:2,1,1,1
BRDA:3,2,0,1
BRDA:3,2,1,1
BRF:6
BRH:6
end_of_record
TN:
SF:users/util.js
FN:3,(anonymous_0)
FN:8,(anonymous_1)
FN:17,(anonymous_2)
FN:28,(anonymous_3)
FNF:4
FNH:4
FNDA:7,(anonymous_0)
FNDA:2,(anonymous_1)
FNDA:8,(anonymous_2)
FNDA:8,(anonymous_3)
DA:3,1
DA:4,7
DA:5,7
DA:8,1
DA:9,2
DA:17,1
DA:18,8
DA:28,1
DA:29,8
DA:30,36
DA:31,1
DA:34,7
LF:12
LH:12
BRDA:30,0,0,1
BRDA:30,0,1,35
BRF:2
BRH:2
end_of_record
