TN:
SF:users/manager.js
FN:20,(anonymous_0)
FN:36,(anonymous_1)
FN:56,(anonymous_2)
FN:94,(anonymous_3)
FN:130,(anonymous_4)
FN:151,(anonymous_5)
FN:168,(anonymous_6)
FN:208,(anonymous_7)
FN:217,(anonymous_8)
FNF:9
FNH:9
FNDA:10,(anonymous_0)
FNDA:10,(anonymous_1)
FNDA:8,(anonymous_2)
FNDA:6,(anonymous_3)
FNDA:4,(anonymous_4)
FNDA:3,(anonymous_5)
FNDA:2,(anonymous_6)
FNDA:2,(anonymous_7)
FNDA:2,(anonymous_8)
DA:1,1
DA:2,1
DA:3,1
DA:4,1
DA:6,1
DA:21,10
DA:25,10
DA:37,10
DA:59,8
DA:62,8
DA:69,8
DA:70,8
DA:71,1
DA:72,1
DA:73,1
DA:74,1
DA:75,1
DA:79,7
DA:80,1
DA:81,1
DA:82,1
DA:83,1
DA:91,6
DA:92,6
DA:93,6
DA:95,6
DA:96,5
DA:100,1
DA:101,1
DA:102,1
DA:103,1
DA:107,5
DA:108,1
DA:109,1
DA:110,1
DA:111,1
DA:117,4
DA:120,4
DA:128,4
DA:129,4
DA:131,4
DA:132,3
DA:136,1
DA:137,1
DA:138,1
DA:139,1
DA:142,3
DA:145,3
DA:149,3
DA:150,3
DA:152,3
DA:153,2
DA:157,1
DA:158,1
DA:159,1
DA:160,1
DA:164,2
DA:165,2
DA:166,2
DA:167,2
DA:169,2
DA:170,1
DA:174,1
DA:175,1
DA:176,1
DA:177,1
DA:181,1
DA:183,1
DA:192,1
DA:193,1
DA:194,1
DA:214,2
DA:215,2
DA:216,2
DA:218,2
DA:219,1
DA:223,1
DA:224,1
DA:225,1
DA:226,1
DA:229,1
DA:233,1
DA:235,1
DA:236,1
DA:240,1
LF:85
LH:85
BRDA:70,0,0,1
BRDA:70,0,1,7
BRDA:79,1,0,1
BRDA:79,1,1,6
BRDA:95,2,0,1
BRDA:95,2,1,5
BRDA:107,3,0,1
BRDA:107,3,1,4
BRDA:107,4,0,5
BRDA:107,4,1,5
BRDA:131,5,0,1
BRDA:131,5,1,3
BRDA:152,6,0,1
BRDA:152,6,1,2
BRDA:169,7,0,1
BRDA:169,7,1,1
BRDA:218,8,0,1
BRDA:218,8,1,1
BRF:18
BRH:18
end_of_record
TN:
SF:users/queries.js
FN:9,(anonymous_0)
FN:33,(anonymous_1)
FN:56,(anonymous_2)
FNF:3
FNH:3
FNDA:6,(anonymous_0)
FNDA:2,(anonymous_1)
FNDA:2,(anonymous_2)
DA:1,1
DA:9,1
DA:10,6
DA:33,1
DA:34,2
DA:56,1
DA:57,2
LF:7
LH:7
BRF:0
BRH:0
end_of_record
TN:
SF:users/settings.js
FNF:0
FNH:0
DA:1,1
DA:2,1
DA:3,1
DA:5,1
LF:4
LH:4
BRDA:1,0,0,1
BRDA:1,0,1,1
BRDA:2,1,0,1
BRDA:2,1,1,1
BRDA:3,2,0,1
BRDA:3,2,1,1
BRF:6
BRH:6
end_of_record
TN:
SF:users/util.js
FN:7,(anonymous_0)
FN:17,(anonymous_1)
FN:31,(anonymous_2)
FN:51,(anonymous_3)
FNF:4
FNH:4
FNDA:7,(anonymous_0)
FNDA:2,(anonymous_1)
FNDA:8,(anonymous_2)
FNDA:8,(anonymous_3)
DA:7,1
DA:8,7
DA:9,7
DA:17,1
DA:18,2
DA:31,1
DA:32,8
DA:51,1
DA:52,8
DA:53,36
DA:54,1
DA:57,7
LF:12
LH:12
BRDA:53,0,0,1
BRDA:53,0,1,35
BRF:2
BRH:2
end_of_record
